普通函数是指除了UDTF（表转换函数）、UDAF（聚合函数）和窗口函数之外的函数，如nvl、cast、case when等。对于此类的SQL可以归结为：

```sql
select function(column) from where function(column)
或者
select operation from where operation
```

下面来看一下带普通函数/操作符SQL的执行计划，

```sql
explain select id,nvl(value) as value from lefttable where id < 3;
```

具体的执行计划如下图所示：

```sql
STAGE DEPENDENCIES:
  Stage-0 is a root stage

STAGE PLANS:
  Stage: Stage-0
    Fetch Operator
      limit: -1
      Processor Tree:
        TableScan
          alias: lefttable
          Statistics: Num rows: 1 Data size: 120 Basic stats: COMPLETE Column stats: NONE
          -- 对应where过滤条件
          Filter Operator
            predicate: (id < 3) (type: boolean)
            Statistics: Num rows: 1 Data size: 120 Basic stats: COMPLETE Column stats: NONE
            -- 列投影，此处应用函数
            Select Operator
              expressions: id (type: int), NVL(value,'no') (type: string)
              outputColumnNames: _col0, _col1
              Statistics: Num rows: 1 Data size: 120 Basic stats: COMPLETE Column stats: NONE
              ListSink

Time taken: 0.297 seconds, Fetched: 20 row(s)
```

同简单SQL一样，使用普通函数或者操作符的SQL也同样只有map阶段的操作。

