# 谓词下推

## 1、什么是谓词下推

谓词下推 `Predicate Pushdown（PPD）`：就是在不影响结果的情况下，尽量将过滤条件提前执行。谓词下推后，过滤条件在map端执行，减少了map端的输出，降低了数据在集群上传输的量，节约了集群的资源，也提升了任务的性能。

谓词下推参数设置：

```shell
hive.optimize.ppd=true;	# default true
```

为什么要使用谓词下推？答：在大数据领域，影响程序性能主要原因**并不是数据量的大小**，而是**数据倾斜**，通过谓词下推可以使程序提前过滤部分数据，降低Join等一系列操作的数据量级，尽可能避免因数据倾斜导致程序性能问题。

## 2、谓词下推优化方式

谓词下推一般有两层含义：

- 一层含义是指由谁来完成数据过滤
- 第二层含义是指何时完成数据过滤

以上两层含义我们需要了解HiveQL及Spark-Sql的Sql语句处理逻辑，大致可以把不同计算引擎SQL查询处理流程做如下的划分：

![SQL执行过程](assets/16df7645839a3fd1)

具体处理流程分析：

- 词法解析类似于文本分词；
- 词法分析及语义分析会检查Database及table是否存在，group操作是否结合聚合函数等一些基础语法是否正确；
- 在逻辑计划阶段会有很多的优化，对谓词的处理就在这个阶段完成；
- 对Spark-Sql来说，物理计划则是RDD的DAG图的生成过程，对于HiveQL来说，物理计划会对MapReduce进行任务的变换，生成最终的执行计划；

以上完成之后则是具体的执行了(也就是各种重量级的计算逻辑，例如join、groupby、filter以及distinct等)，这就会有各种物理操作符(RDD的Transformation)的乱入。

能够完成数据过滤的主体有两个，

（1）对于**HiveQL**来讲：

- 第一是在map阶段
- 第二个是数据源。

（2）对于**Spark-Sql**来讲：

- 第一是分布式Sql层(在execute阶段)
- 第二个是数据源。

那么谓词下推的第一层含义就是指由Sql层的**Filter操作符来完成过滤**，还是由**Scan操作符在扫描阶段完成过滤**。

我们可以通过封装SparkSql的Data Source API完成各类数据源的查询，那么如果底层数据源无法高效完成数据的过滤，就会执行全局扫描，把每条相关的数据都交给SparkSql的**Filter**操作符完成过滤，虽然SparkSql使用的**Code Generation**技术极大的提高了数据过滤的效率，但是这个过程无法避免大量数据的磁盘读取，甚至在某些情况下会涉及**网络IO**(例如数据非本地化存储时)

谓词下推第二层含义，即**何时完成数据过滤**则一般是在指连接查询中，

​	1）是先对单表数据进行过滤再和其他表连接？

​	2）还是在先把多表进行连接再对连接后的临时表进行过滤？



## 3、谓词下推在join中的应用

hive版本：3.1.3

### 3.1 inner join（and）

```sql
-- select * from lefttable a join righttable b on a.id = b.id where a.id = 1 and b.id = 1;
explain
select
	* 
from lefttable a
join righttable b
on a.id = b.id
where a.id = 1 and b.id = 1;
```

通过关闭和开启谓词下推设置，对比join操作的执行计划，

```shell
set hive.optimize.ppd=false;
set hive.optimize.ppd=true;
```

**在Hive3.1.3版本中，开启和关闭谓词下推的执行计划是一样的**。下面贴出核心执行逻辑：

```shell
# set hive.optimize.ppd=false;
# set hive.optimize.ppd=true;
STAGE DEPENDENCIES:
  Stage-4 is a root stage
  Stage-3 depends on stages: Stage-4
  Stage-0 depends on stages: Stage-3

STAGE PLANS:
  Stage: Stage-4
    Map Reduce Local Work
      Alias -> Map Local Tables:
        $hdt$_0:a 
          Fetch Operator
            limit: -1
      Alias -> Map Local Operator Tree:
        $hdt$_0:a 
          TableScan
            alias: a
            Statistics: Num rows: 1 Data size: 120 Basic stats: COMPLETE Column stats: NONE
            ############################### 过滤 ################################
            Filter Operator
              predicate: (id = 1) (type: boolean)
              Statistics: Num rows: 1 Data size: 120 Basic stats: COMPLETE Column stats: NONE
            ###############################################################

  Stage: Stage-3
    Map Reduce
      Map Operator Tree:
          TableScan
            alias: b
            Statistics: Num rows: 1 Data size: 120 Basic stats: COMPLETE Column stats: NONE
            ############################### 过滤 ################################
            Filter Operator
              predicate: (id = 1) (type: boolean)
              Statistics: Num rows: 1 Data size: 120 Basic stats: COMPLETE Column stats: NONE
            ###############################################################
```

从上面的执行计划可以看出来，都在map阶段先对两表进行过滤，然后再对这两个过滤后的表进行内连接处理。

hive3.1.3版本对于当前SQL的join优化，不论我们开启还是不开启谓词下推，都是一样的。

### 3.2  inner join（or）

```sql
select
	* 
from lefttable a
join righttable b
on a.id = b.id
where a.id = 1 or b.id = 2;
```

SQL执行结果：

```shell
1	one	1	one
2	two	2	two
```

从结果显示来看，谓词下推失效了。因为如果谓词下推生效的话，执行的结果是空，原因如下，谓词下推执行逻辑：

* 先使用**where**条件后每个表各自的过滤条件进行过滤；

```shell
# left table
1	one

# right table
2	two
```

* 然后将两个过滤后的结果，进行join，不难发现上述过滤之后的结果join的结果是空。

所以，得出的结论是谓词下推失效了。

开启和不开启谓词下推设置，查看执行计划也同样是一致的，

```shell
hive> explain select * from lefttable a join righttable b on a.id = b.id where a.id = 2 or b.id = 1;
OK
STAGE DEPENDENCIES:
  Stage-4 is a root stage
  Stage-3 depends on stages: Stage-4
  Stage-0 depends on stages: Stage-3

STAGE PLANS:
  Stage: Stage-4
    Map Reduce Local Work
      Alias -> Map Local Tables:
        $hdt$_0:a 
          Fetch Operator
            limit: -1
      Alias -> Map Local Operator Tree:
        $hdt$_0:a 
          TableScan
            alias: a
            Statistics: Num rows: 1 Data size: 120 Basic stats: COMPLETE Column stats: NONE
            Filter Operator
              predicate: id is not null (type: boolean)
              Statistics: Num rows: 1 Data size: 120 Basic stats: COMPLETE Column stats: NONE
              Select Operator
                expressions: id (type: int), value (type: string)
                outputColumnNames: _col0, _col1
                Statistics: Num rows: 1 Data size: 120 Basic stats: COMPLETE Column stats: NONE
                HashTable Sink Operator
                  keys:
                    0 _col0 (type: int)
                    1 _col0 (type: int)

  Stage: Stage-3
    Map Reduce
      Map Operator Tree:
          TableScan
            alias: b
            Statistics: Num rows: 1 Data size: 120 Basic stats: COMPLETE Column stats: NONE
            Filter Operator
              predicate: id is not null (type: boolean)
              Statistics: Num rows: 1 Data size: 120 Basic stats: COMPLETE Column stats: NONE
              Select Operator
                expressions: id (type: int), value (type: string)
                outputColumnNames: _col0, _col1
                Statistics: Num rows: 1 Data size: 120 Basic stats: COMPLETE Column stats: NONE
                Map Join Operator
                  condition map:
                       Inner Join 0 to 1
                  keys:
                    0 _col0 (type: int)
                    1 _col0 (type: int)
                  outputColumnNames: _col0, _col1, _col2, _col3
                  Statistics: Num rows: 1 Data size: 132 Basic stats: COMPLETE Column stats: NONE
                  ############################### 过滤 ################################
                  Filter Operator
                    predicate: ((_col0 = 2) or (_col2 = 1)) (type: boolean)
                    Statistics: Num rows: 1 Data size: 132 Basic stats: COMPLETE Column stats: NONE
                    File Output Operator
                      compressed: false
                      Statistics: Num rows: 1 Data size: 132 Basic stats: COMPLETE Column stats: NONE
                      table:
                          input format: org.apache.hadoop.mapred.SequenceFileInputFormat
                          output format: org.apache.hadoop.hive.ql.io.HiveSequenceFileOutputFormat
                          serde: org.apache.hadoop.hive.serde2.lazy.LazySimpleSerDe
      Execution mode: vectorized
      Local Work:
        Map Reduce Local Work

  Stage: Stage-0
    Fetch Operator
      limit: -1
      Processor Tree:
        ListSink
Time taken: 0.225 seconds, Fetched: 70 row(s)
```

那我们就思考，如果我们在join之后的where条件中限定pt，如果谓词下推失效的话，岂不是会将全部的数据进行join，这对于集群来说是灾难性的。

其实，在hive和spark中使用了一种叫做“分区裁剪”的优化手段，即把分区并不看做普通的过滤条件，而是使用了“一刀切”的方法，把不符合查询分区条件的目录直接排除在待扫描的目录之外。

我们知道分区表在**HDFS**上是按照目录来存储一个分区的数据的，那么在进行分区裁剪时，直接把要扫描的**HDFS**目录通知**Hive/Spark**的**Scan**操作符，这样，**Hive/Spark**在进行扫描时，就可以直接过滤其他的分区数据了。

但是，要完成这种优化，需要**HiveSQL/SparkSql**的语义分析逻辑能够正确的分析出**Sql**语句所要表达的精确目的，所以分区字段在**Hive/Spark**的元数据中也是独立于其他普通字段，进行了单独的标示，就是为了方便语义分析逻辑能区别处理Sql语句中where条件里的这种特殊情况。

### 3.3  left join/ right join

```sql
explain select * from lefttable a left join righttable b on a.id = b.id and a.id = 1;
```

查看具体的执行计划如下所示：

```shell
STAGE DEPENDENCIES:
  Stage-4 is a root stage
  Stage-3 depends on stages: Stage-4
  Stage-0 depends on stages: Stage-3

STAGE PLANS:
  Stage: Stage-4
    Map Reduce Local Work
      Alias -> Map Local Tables:
        $hdt$_1:b 
          Fetch Operator
            limit: -1
      Alias -> Map Local Operator Tree:
        $hdt$_1:b 
          TableScan
            alias: b
            Statistics: Num rows: 1 Data size: 120 Basic stats: COMPLETE Column stats: NONE
            Select Operator
              expressions: id (type: int), value (type: string)
              outputColumnNames: _col0, _col1
              Statistics: Num rows: 1 Data size: 120 Basic stats: COMPLETE Column stats: NONE
              HashTable Sink Operator
              ############################### 过滤 ################################
                filter predicates:
                  0 {(_col0 = 1)}
                  1 
                keys:
                  0 _col0 (type: int)
                  1 _col0 (type: int)

  Stage: Stage-3
    Map Reduce
      Map Operator Tree:
          TableScan
            alias: a
            Statistics: Num rows: 1 Data size: 120 Basic stats: COMPLETE Column stats: NONE
            Select Operator
              expressions: id (type: int), value (type: string)
              outputColumnNames: _col0, _col1
              Statistics: Num rows: 1 Data size: 120 Basic stats: COMPLETE Column stats: NONE
              Map Join Operator
                condition map:
                     Left Outer Join 0 to 1
                filter predicates:
                ############################### 过滤 ################################
                  0 {(_col0 = 1)}
                  1 
                keys:
                  0 _col0 (type: int)
                  1 _col0 (type: int)
                outputColumnNames: _col0, _col1, _col2, _col3
                Statistics: Num rows: 1 Data size: 132 Basic stats: COMPLETE Column stats: NONE
                File Output Operator
                  compressed: false
                  Statistics: Num rows: 1 Data size: 132 Basic stats: COMPLETE Column stats: NONE
                  table:
                      input format: org.apache.hadoop.mapred.SequenceFileInputFormat
                      output format: org.apache.hadoop.hive.ql.io.HiveSequenceFileOutputFormat
                      serde: org.apache.hadoop.hive.serde2.lazy.LazySimpleSerDe
      Execution mode: vectorized
      Local Work:
        Map Reduce Local Work

  Stage: Stage-0
    Fetch Operator
      limit: -1
      Processor Tree:
        ListSink
```

从上述执行计划可以看出，因为数据比较少，执行计划优化为小表的mapjoin。而且两个都是执行了谓词下推操作。

那么，如果我们将过滤条件写在where中，

```sql
explain select * from lefttable a left join righttable b on a.id = b.id where a.id = 1;
```

那么其执行如下所示：

```shell
hive> explain select * from lefttable a left join righttable b on a.id = b.id where a.id = 1;
Warning: Map Join MAPJOIN[11][bigTable=?] in task 'Stage-3:MAPRED' is a cross product
OK
STAGE DEPENDENCIES:
  Stage-4 is a root stage
  Stage-3 depends on stages: Stage-4
  Stage-0 depends on stages: Stage-3

STAGE PLANS:
  Stage: Stage-4
    Map Reduce Local Work
      Alias -> Map Local Tables:
        $hdt$_1:b 
          Fetch Operator
            limit: -1
      Alias -> Map Local Operator Tree:
        $hdt$_1:b 
          TableScan
            alias: b
            Statistics: Num rows: 1 Data size: 120 Basic stats: COMPLETE Column stats: NONE
            ############################### 过滤 ################################
            Filter Operator
              predicate: (id = 1) (type: boolean)
              Statistics: Num rows: 1 Data size: 120 Basic stats: COMPLETE Column stats: NONE
              Select Operator
                expressions: 1 (type: int), value (type: string)
                outputColumnNames: _col0, _col1
                Statistics: Num rows: 1 Data size: 120 Basic stats: COMPLETE Column stats: NONE
                HashTable Sink Operator
                  keys:
                    0 
                    1 

  Stage: Stage-3
    Map Reduce
      Map Operator Tree:
          TableScan
            alias: a
            Statistics: Num rows: 1 Data size: 120 Basic stats: COMPLETE Column stats: NONE
            ############################### 过滤 ################################
            Filter Operator
              predicate: (id = 1) (type: boolean)
              Statistics: Num rows: 1 Data size: 120 Basic stats: COMPLETE Column stats: NONE
              Select Operator
                expressions: value (type: string)
                outputColumnNames: _col1
                Statistics: Num rows: 1 Data size: 120 Basic stats: COMPLETE Column stats: NONE
                Map Join Operator
                  condition map:
                       Left Outer Join 0 to 1
                  keys:
                    0 
                    1 
                  outputColumnNames: _col1, _col2, _col3
                  Statistics: Num rows: 1 Data size: 241 Basic stats: COMPLETE Column stats: NONE
                  Select Operator
                    expressions: 1 (type: int), _col1 (type: string), _col2 (type: int), _col3 (type: string)
                    outputColumnNames: _col0, _col1, _col2, _col3
                    Statistics: Num rows: 1 Data size: 241 Basic stats: COMPLETE Column stats: NONE
                    File Output Operator
                      compressed: false
                      Statistics: Num rows: 1 Data size: 241 Basic stats: COMPLETE Column stats: NONE
                      table:
                          input format: org.apache.hadoop.mapred.SequenceFileInputFormat
                          output format: org.apache.hadoop.hive.ql.io.HiveSequenceFileOutputFormat
                          serde: org.apache.hadoop.hive.serde2.lazy.LazySimpleSerDe
      Execution mode: vectorized
      Local Work:
        Map Reduce Local Work

  Stage: Stage-0
    Fetch Operator
      limit: -1
      Processor Tree:
        ListSink

Time taken: 0.272 seconds, Fetched: 71 row(s)
```

同样的，两个表均执行谓词下推。

在inner join中，在where条件中使用or条件的时候，谓词下推失效了，那么在left join的where条件使用or条件，谓词下推是否会生效呢？

```sql
explain select * from lefttable a left join righttable b on a.id = b.id where a.id = 1 or b.id = 2;
```

其执行计划如下所示：

```shell
hive> explain select * from lefttable a left join righttable b on a.id = b.id where a.id = 1 or b.id = 2;
OK
STAGE DEPENDENCIES:
  Stage-4 is a root stage
  Stage-3 depends on stages: Stage-4
  Stage-0 depends on stages: Stage-3

STAGE PLANS:
  Stage: Stage-4
    Map Reduce Local Work
      Alias -> Map Local Tables:
        $hdt$_1:b 
          Fetch Operator
            limit: -1
      Alias -> Map Local Operator Tree:
        $hdt$_1:b 
          TableScan
            alias: b
            Statistics: Num rows: 1 Data size: 120 Basic stats: COMPLETE Column stats: NONE
            Select Operator
              expressions: id (type: int), value (type: string)
              outputColumnNames: _col0, _col1
              Statistics: Num rows: 1 Data size: 120 Basic stats: COMPLETE Column stats: NONE
              HashTable Sink Operator
                keys:
                  0 _col0 (type: int)
                  1 _col0 (type: int)

  Stage: Stage-3
    Map Reduce
      Map Operator Tree:
          TableScan
            alias: a
            Statistics: Num rows: 1 Data size: 120 Basic stats: COMPLETE Column stats: NONE
            Select Operator
              expressions: id (type: int), value (type: string)
              outputColumnNames: _col0, _col1
              Statistics: Num rows: 1 Data size: 120 Basic stats: COMPLETE Column stats: NONE
              Map Join Operator
                condition map:
                     Left Outer Join 0 to 1
                keys:
                  0 _col0 (type: int)
                  1 _col0 (type: int)
                outputColumnNames: _col0, _col1, _col2, _col3
                Statistics: Num rows: 1 Data size: 132 Basic stats: COMPLETE Column stats: NONE
                ############################### 过滤 ################################
                Filter Operator
                  predicate: ((_col0 = 1) or (_col2 = 2)) (type: boolean)
                  Statistics: Num rows: 1 Data size: 132 Basic stats: COMPLETE Column stats: NONE
                  File Output Operator
                    compressed: false
                    Statistics: Num rows: 1 Data size: 132 Basic stats: COMPLETE Column stats: NONE
                    table:
                        input format: org.apache.hadoop.mapred.SequenceFileInputFormat
                        output format: org.apache.hadoop.hive.ql.io.HiveSequenceFileOutputFormat
                        serde: org.apache.hadoop.hive.serde2.lazy.LazySimpleSerDe
      Execution mode: vectorized
      Local Work:
        Map Reduce Local Work

  Stage: Stage-0
    Fetch Operator
      limit: -1
      Processor Tree:
        ListSink
Time taken: 0.264 seconds, Fetched: 64 row(s)
```

从执行计划可以看出来，左表执行了谓词下推，而右表没有执行谓词下推。

而left join的where条件中若使用and进行连接，那么是否会执行谓词下推呢？

```shell
hive> explain select * from lefttable a left join righttable b on a.id = b.id where a.id = 1 and b.value='one';
Warning: Map Join MAPJOIN[11][bigTable=?] in task 'Stage-3:MAPRED' is a cross product
OK
STAGE DEPENDENCIES:
  Stage-4 is a root stage
  Stage-3 depends on stages: Stage-4
  Stage-0 depends on stages: Stage-3

STAGE PLANS:
  Stage: Stage-4
    Map Reduce Local Work
      Alias -> Map Local Tables:
        $hdt$_0:a 
          Fetch Operator
            limit: -1
      Alias -> Map Local Operator Tree:
        $hdt$_0:a 
          TableScan
            alias: a
            Statistics: Num rows: 1 Data size: 120 Basic stats: COMPLETE Column stats: NONE
            ############################### 过滤 ################################
            Filter Operator
              predicate: (id = 1) (type: boolean)
              Statistics: Num rows: 1 Data size: 120 Basic stats: COMPLETE Column stats: NONE
              Select Operator
                expressions: value (type: string)
                outputColumnNames: _col1
                Statistics: Num rows: 1 Data size: 120 Basic stats: COMPLETE Column stats: NONE
                HashTable Sink Operator
                  keys:
                    0 
                    1 

  Stage: Stage-3
    Map Reduce
      Map Operator Tree:
          TableScan
            alias: b
            Statistics: Num rows: 1 Data size: 120 Basic stats: COMPLETE Column stats: NONE
            ############################### 过滤 ################################
            Filter Operator
              predicate: ((value = 'one') and (id = 1)) (type: boolean)
              Statistics: Num rows: 1 Data size: 120 Basic stats: COMPLETE Column stats: NONE
              Select Operator
                Statistics: Num rows: 1 Data size: 120 Basic stats: COMPLETE Column stats: NONE
                Map Join Operator
                  condition map:
                       Inner Join 0 to 1
                  keys:
                    0 
                    1 
                  outputColumnNames: _col1
                  Statistics: Num rows: 1 Data size: 241 Basic stats: COMPLETE Column stats: NONE
                  Select Operator
                    expressions: 1 (type: int), _col1 (type: string), 1 (type: int), 'one' (type: string)
                    outputColumnNames: _col0, _col1, _col2, _col3
                    Statistics: Num rows: 1 Data size: 241 Basic stats: COMPLETE Column stats: NONE
                    File Output Operator
                      compressed: false
                      Statistics: Num rows: 1 Data size: 241 Basic stats: COMPLETE Column stats: NONE
                      table:
                          input format: org.apache.hadoop.mapred.SequenceFileInputFormat
                          output format: org.apache.hadoop.hive.ql.io.HiveSequenceFileOutputFormat
                          serde: org.apache.hadoop.hive.serde2.lazy.LazySimpleSerDe
      Execution mode: vectorized
      Local Work:
        Map Reduce Local Work

  Stage: Stage-0
    Fetch Operator
      limit: -1
      Processor Tree:
        ListSink

Time taken: 0.225 seconds, Fetched: 69 row(s)
```

从执行计划中可以看出来，右表执行了部分谓词下推操作。而左表则使用全部的谓词下推。

在Spark-SQL&HiveQL中对于外连接查询时的过滤条件，并不能在所有情况下都用来进行数据源的过滤，如果使用得当会极大的提升查询性能，如果使用不当，则会产生错误的查询结果，而这种错误结果又不易发觉，所以使用时要格外小心。

尽量在适当的位置进行过滤，避免得到错误的执行结果。

参考链接：

[浅谈一个新人的大数据之路-HiveQL&Spark-SQL中谓词下推](https://juejin.cn/post/6844903976366768142)

[Hive谓词下推失效的几种情况](https://www.jianshu.com/p/5aea166534a8)

[SparkSql连接查询中的谓词下推处理(一)](https://cloud.tencent.com/developer/article/1404730)



